<?xml version="1.0" encoding="UTF-8"?>
<testsuite name="com.archive_enseignant.archive.ArchiveApplicationTests" tests="1" skipped="0" failures="0" errors="0" timestamp="2024-08-01T21:50:13" hostname="DESKTOP-SLQ8OJJ" time="0.281">
  <properties/>
  <testcase name="contextLoads()" classname="com.archive_enseignant.archive.ArchiveApplicationTests" time="0.281"/>
  <system-out><![CDATA[22:50:09.611 [Test worker] INFO org.springframework.test.context.support.AnnotationConfigContextLoaderUtils -- Could not detect default configuration classes for test class [com.archive_enseignant.archive.ArchiveApplicationTests]: ArchiveApplicationTests does not declare any static, non-private, non-final, nested classes annotated with @Configuration.
22:50:09.685 [Test worker] INFO org.springframework.boot.test.context.SpringBootTestContextBootstrapper -- Found @SpringBootConfiguration com.archive_enseignant.archive.ArchiveApplication for test class com.archive_enseignant.archive.ArchiveApplicationTests

  .   ____          _            __ _ _
 /\\ / ___'_ __ _ _(_)_ __  __ _ \ \ \ \
( ( )\___ | '_ | '_| | '_ \/ _` | \ \ \ \
 \\/  ___)| |_)| | | | | || (_| |  ) ) ) )
  '  |____| .__|_| |_|_| |_\__, | / / / /
 =========|_|==============|___/=/_/_/_/

 :: Spring Boot ::                (v3.3.2)

2024-08-01T22:50:10.050+01:00  INFO 6292 --- [archive] [    Test worker] c.a.archive.ArchiveApplicationTests      : Starting ArchiveApplicationTests using Java 22.0.2 with PID 6292 (started by Sabri in C:\study\archive)
2024-08-01T22:50:10.051+01:00  INFO 6292 --- [archive] [    Test worker] c.a.archive.ArchiveApplicationTests      : No active profile set, falling back to 1 default profile: "default"
2024-08-01T22:50:10.544+01:00  INFO 6292 --- [archive] [    Test worker] .s.d.r.c.RepositoryConfigurationDelegate : Bootstrapping Spring Data JPA repositories in DEFAULT mode.
2024-08-01T22:50:10.587+01:00  INFO 6292 --- [archive] [    Test worker] .s.d.r.c.RepositoryConfigurationDelegate : Finished Spring Data repository scanning in 35 ms. Found 2 JPA repository interfaces.
2024-08-01T22:50:10.949+01:00  INFO 6292 --- [archive] [    Test worker] o.hibernate.jpa.internal.util.LogHelper  : HHH000204: Processing PersistenceUnitInfo [name: default]
2024-08-01T22:50:10.984+01:00  INFO 6292 --- [archive] [    Test worker] org.hibernate.Version                    : HHH000412: Hibernate ORM core version 6.5.2.Final
2024-08-01T22:50:11.007+01:00  INFO 6292 --- [archive] [    Test worker] o.h.c.internal.RegionFactoryInitiator    : HHH000026: Second-level cache disabled
2024-08-01T22:50:11.246+01:00  INFO 6292 --- [archive] [    Test worker] o.s.o.j.p.SpringPersistenceUnitInfo      : No LoadTimeWeaver setup: ignoring JPA class transformer
2024-08-01T22:50:11.268+01:00  INFO 6292 --- [archive] [    Test worker] com.zaxxer.hikari.HikariDataSource       : HikariPool-1 - Starting...
2024-08-01T22:50:11.400+01:00  INFO 6292 --- [archive] [    Test worker] com.zaxxer.hikari.pool.HikariPool        : HikariPool-1 - Added connection org.postgresql.jdbc.PgConnection@5d6b42cf
2024-08-01T22:50:11.402+01:00  INFO 6292 --- [archive] [    Test worker] com.zaxxer.hikari.HikariDataSource       : HikariPool-1 - Start completed.
2024-08-01T22:50:11.424+01:00  WARN 6292 --- [archive] [    Test worker] org.hibernate.orm.deprecation            : HHH90000025: PostgreSQLDialect does not need to be specified explicitly using 'hibernate.dialect' (remove the property setting and it will be selected by default)
2024-08-01T22:50:12.039+01:00  INFO 6292 --- [archive] [    Test worker] o.h.e.t.j.p.i.JtaPlatformInitiator       : HHH000489: No JTA platform available (set 'hibernate.transaction.jta.platform' to enable JTA platform integration)
2024-08-01T22:50:12.080+01:00  INFO 6292 --- [archive] [    Test worker] j.LocalContainerEntityManagerFactoryBean : Initialized JPA EntityManagerFactory for persistence unit 'default'
2024-08-01T22:50:12.545+01:00  WARN 6292 --- [archive] [    Test worker] JpaBaseConfiguration$JpaWebConfiguration : spring.jpa.open-in-view is enabled by default. Therefore, database queries may be performed during view rendering. Explicitly configure spring.jpa.open-in-view to disable this warning
2024-08-01T22:50:13.107+01:00  INFO 6292 --- [archive] [    Test worker] c.a.archive.ArchiveApplicationTests      : Started ArchiveApplicationTests in 3.288 seconds (process running for 4.125)
]]></system-out>
  <system-err><![CDATA[WARNING: A Java agent has been loaded dynamically (C:\Users\Sabri\.gradle\caches\modules-2\files-2.1\net.bytebuddy\byte-buddy-agent\1.14.18\417558ea01fe9f0e8a94af28b9469d281c4e3984\byte-buddy-agent-1.14.18.jar)
WARNING: If a serviceability tool is in use, please run with -XX:+EnableDynamicAgentLoading to hide this warning
WARNING: If a serviceability tool is not in use, please run with -Djdk.instrument.traceUsage for more information
WARNING: Dynamic loading of agents will be disallowed by default in a future release
]]></system-err>
</testsuite>
